2022-11-20 20:46:49,483 [INFO] Activator:177 - 


2022-11-20 20:46:49,485 [INFO] Activator:178 - !SESSION log4j initialized
2022-11-20 20:47:13,928 [INFO] McuFinderGlobals:44 - Set McuFinder mode to 2 (CubeIDE integrated)
2022-11-20 20:47:14,595 [INFO] ApplicationProperties:181 - Using Application install path: C:\ST\STM32CubeIDE_1.5.1\STM32CubeIDE\plugins\com.st.stm32cube.common.mx_6.6.1.202207061420
2022-11-20 20:47:14,619 [INFO] DbMcusXml:77 - Set database path to: C:\ST\STM32CubeIDE_1.5.1\STM32CubeIDE\plugins\com.st.stm32cube.common.mx_6.6.1.202207061420\\db\/mcu/
2022-11-20 20:47:14,619 [INFO] ApiDb:269 - Set plugin database path to: C:\ST\STM32CubeIDE_1.5.1\STM32CubeIDE\plugins\com.st.stm32cube.common.mx_6.6.1.202207061420\\db\/plugins/boardmanager/
2022-11-20 20:47:14,622 [WARN] ApiDb:254 - Overriding images path with different value:  => C:\ST\STM32CubeIDE_1.5.1\STM32CubeIDE\plugins\com.st.stm32cube.common.mx_6.6.1.202207061420\\db\/plugins/mcufinder/images/
2022-11-20 20:47:14,645 [INFO] ApiDb:249 - Set database path to: C:\Users\Lalit\.stmcufinder\plugins\mcufinder//mcu/
2022-11-20 20:47:14,647 [INFO] DbMcusAds:124 - Set database path to: C:\Users\Lalit\.stmcufinder\plugins\mcufinder//mcu/
2022-11-20 20:47:14,749 [ERROR] LogOutputStream:74 - [STDERR_REDIRECT] SLF4J: Failed to load class "org.slf4j.impl.StaticLoggerBinder".
2022-11-20 20:47:14,751 [ERROR] LogOutputStream:74 - [STDERR_REDIRECT] SLF4J: Defaulting to no-operation (NOP) logger implementation
2022-11-20 20:47:14,755 [ERROR] LogOutputStream:74 - [STDERR_REDIRECT] SLF4J: See http://www.slf4j.org/codes.html#StaticLoggerBinder for further details.
2022-11-20 20:47:15,170 [INFO] CrossReferenceDbSqlite:201 - Set database path to: C:\Users\Lalit\.stmcufinder\plugins\mcufinder//mcu/cs/
2022-11-20 20:47:15,297 [INFO] RulesReader:61 - Compatibility file has been processed (282 Rules)
2022-11-20 20:47:15,395 [INFO] DbMcusXml:77 - Set database path to: C:\ST\STM32CubeIDE_1.5.1\STM32CubeIDE\plugins\com.st.stm32cube.common.mx_6.6.1.202207061420\\db\/mcu/
2022-11-20 20:47:15,396 [INFO] ApiDb:269 - Set plugin database path to: C:\ST\STM32CubeIDE_1.5.1\STM32CubeIDE\plugins\com.st.stm32cube.common.mx_6.6.1.202207061420\\db\/plugins/boardmanager/
2022-11-20 20:47:15,396 [INFO] ApiDb:256 - Set plugin images path to: C:\ST\STM32CubeIDE_1.5.1\STM32CubeIDE\plugins\com.st.stm32cube.common.mx_6.6.1.202207061420\\db\/plugins/mcufinder/images/
2022-11-20 20:47:15,397 [WARN] DbFile:40 - Overriding database path with different value: C:\Users\Lalit\.stmcufinder\plugins\mcufinder/ => C:\Users\Lalit\.stmcufinder\plugins\mcufinder
2022-11-20 20:47:15,397 [INFO] ApiDb:249 - Set database path to: C:\Users\Lalit\.stmcufinder\plugins\mcufinder//mcu/
2022-11-20 20:47:15,397 [WARN] DbFile:40 - Overriding database path with different value: C:\Users\Lalit\.stmcufinder\plugins\mcufinder/ => C:\Users\Lalit\.stmcufinder\plugins\mcufinder
2022-11-20 20:47:15,397 [INFO] DbMcusAds:124 - Set database path to: C:\Users\Lalit\.stmcufinder\plugins\mcufinder//mcu/
2022-11-20 20:47:15,398 [WARN] DbFile:40 - Overriding database path with different value: C:\Users\Lalit\.stmcufinder\plugins\mcufinder/ => C:\Users\Lalit\.stmcufinder\plugins\mcufinder
2022-11-20 20:47:15,398 [WARN] DbFile:40 - Overriding database path with different value: C:\Users\Lalit\.stmcufinder\plugins\mcufinder/ => C:\Users\Lalit\.stmcufinder\plugins\mcufinder
2022-11-20 20:47:15,399 [INFO] CrossReferenceDbSqlite:201 - Set database path to: C:\Users\Lalit\.stmcufinder\plugins\mcufinder//mcu/cs/
2022-11-20 20:47:15,489 [INFO] MainPanel:242 - HeapMemory: 268435456
2022-11-20 20:47:15,668 [INFO] DbMcusXml:77 - Set database path to: C:\ST\STM32CubeIDE_1.5.1\STM32CubeIDE\plugins\com.st.stm32cube.common.mx_6.6.1.202207061420\\db\/mcu/
2022-11-20 20:47:15,669 [INFO] ApiDb:269 - Set plugin database path to: C:\ST\STM32CubeIDE_1.5.1\STM32CubeIDE\plugins\com.st.stm32cube.common.mx_6.6.1.202207061420\\db\/plugins/boardmanager/
2022-11-20 20:47:15,669 [INFO] ApiDb:256 - Set plugin images path to: C:\ST\STM32CubeIDE_1.5.1\STM32CubeIDE\plugins\com.st.stm32cube.common.mx_6.6.1.202207061420\\db\/plugins/mcufinder/images/
2022-11-20 20:47:15,669 [WARN] DbFile:40 - Overriding database path with different value: C:\Users\Lalit\.stmcufinder\plugins\mcufinder/ => C:\Users\Lalit\.stmcufinder\plugins\mcufinder
2022-11-20 20:47:15,669 [INFO] ApiDb:249 - Set database path to: C:\Users\Lalit\.stmcufinder\plugins\mcufinder//mcu/
2022-11-20 20:47:15,670 [WARN] DbFile:40 - Overriding database path with different value: C:\Users\Lalit\.stmcufinder\plugins\mcufinder/ => C:\Users\Lalit\.stmcufinder\plugins\mcufinder
2022-11-20 20:47:15,670 [INFO] DbMcusAds:124 - Set database path to: C:\Users\Lalit\.stmcufinder\plugins\mcufinder//mcu/
2022-11-20 20:47:15,670 [WARN] DbFile:40 - Overriding database path with different value: C:\Users\Lalit\.stmcufinder\plugins\mcufinder/ => C:\Users\Lalit\.stmcufinder\plugins\mcufinder
2022-11-20 20:47:15,670 [WARN] DbFile:40 - Overriding database path with different value: C:\Users\Lalit\.stmcufinder\plugins\mcufinder/ => C:\Users\Lalit\.stmcufinder\plugins\mcufinder
2022-11-20 20:47:15,671 [INFO] CrossReferenceDbSqlite:201 - Set database path to: C:\Users\Lalit\.stmcufinder\plugins\mcufinder//mcu/cs/
2022-11-20 20:47:15,692 [INFO] ApplicationProperties:181 - Using Application install path: C:\ST\STM32CubeIDE_1.5.1\STM32CubeIDE\plugins\com.st.stm32cube.common.mx_6.6.1.202207061420
2022-11-20 20:47:15,696 [INFO] PluginManage:193 - Search for loadable plugins [exclusion list=, ]
2022-11-20 20:47:15,698 [INFO] PluginManage:307 - Check plugin analytics
2022-11-20 20:47:15,923 [INFO] AnalyticsPlugin:262 - Accepted Software Licenses: 
2022-11-20 20:47:15,923 [INFO] AnalyticsPlugin:264 - Accepted CMSIS Pack Licenses: 
2022-11-20 20:47:15,923 [INFO] AnalyticsPlugin:266 - Accepted Firmware Licenses: 
2022-11-20 20:47:15,930 [INFO] PluginManage:356 - Loaded plugin analytics (category:tool,tabindex:-1)
2022-11-20 20:47:15,931 [INFO] PluginManage:307 - Check plugin cadmodel
2022-11-20 20:47:15,948 [INFO] CADModel:65 - Init CAD model plugin
2022-11-20 20:47:15,949 [INFO] PluginManage:356 - Loaded plugin cadmodel (category:power,tabindex:5)
2022-11-20 20:47:15,949 [INFO] PluginManage:307 - Check plugin clock
2022-11-20 20:47:15,972 [INFO] PluginManage:356 - Loaded plugin clock (category:base,tabindex:2)
2022-11-20 20:47:15,972 [INFO] PluginManage:307 - Check plugin ddr
2022-11-20 20:47:15,975 [INFO] PluginManage:356 - Loaded plugin ddr (category:tool,tabindex:6)
2022-11-20 20:47:15,975 [INFO] PluginManage:307 - Check plugin filemanager
2022-11-20 20:47:16,153 [INFO] PluginManage:356 - Loaded plugin filemanager (category:base,tabindex:10)
2022-11-20 20:47:16,154 [INFO] PluginManage:307 - Check plugin ipmanager
2022-11-20 20:47:16,161 [INFO] PluginManage:356 - Loaded plugin ipmanager (category:base,tabindex:5)
2022-11-20 20:47:16,162 [INFO] PluginManage:307 - Check plugin lpbam
2022-11-20 20:47:16,182 [INFO] PluginManage:356 - Loaded plugin lpbam (category:base,tabindex:0)
2022-11-20 20:47:16,182 [INFO] PluginManage:307 - Check plugin pinoutandconfiguration
2022-11-20 20:47:16,202 [INFO] PluginManage:356 - Loaded plugin pinoutandconfiguration (category:base,tabindex:1)
2022-11-20 20:47:16,203 [INFO] PluginManage:307 - Check plugin pinoutconfig
2022-11-20 20:47:16,251 [INFO] PluginManage:356 - Loaded plugin pinoutconfig (category:base,tabindex:0)
2022-11-20 20:47:16,252 [INFO] PluginManage:307 - Check plugin power
2022-11-20 20:47:16,271 [INFO] PluginManage:356 - Loaded plugin power (category:power,tabindex:4)
2022-11-20 20:47:16,272 [INFO] PluginManage:307 - Check plugin projectmanager
2022-11-20 20:47:16,289 [INFO] PluginManage:356 - Loaded plugin projectmanager (category:projectmanager,tabindex:3)
2022-11-20 20:47:16,289 [INFO] PluginManage:307 - Check plugin thirdparty
2022-11-20 20:47:16,589 [INFO] PluginManage:356 - Loaded plugin thirdparty (category:base,tabindex:-1)
2022-11-20 20:47:16,589 [WARN] IntegrityCheckThread:82 - waiting for thirdparty lock release [integrity check]
2022-11-20 20:47:16,589 [INFO] PluginManage:307 - Check plugin tools
2022-11-20 20:47:16,590 [INFO] IntegrityCheckThread:84 - entering critical section [integrity check]
2022-11-20 20:47:16,592 [INFO] ThirdPartyUpdaterWithRetryManager:70 - Updater plugin not ready yet. [1/15]
2022-11-20 20:47:16,613 [INFO] PluginManage:356 - Loaded plugin tools (category:base,tabindex:7)
2022-11-20 20:47:16,614 [INFO] PluginManage:307 - Check plugin tutovideos
2022-11-20 20:47:16,885 [INFO] PluginManage:356 - Loaded plugin tutovideos (category:base,tabindex:-1)
2022-11-20 20:47:16,885 [INFO] PluginManage:307 - Check plugin updater
2022-11-20 20:47:16,905 [INFO] PluginManage:356 - Loaded plugin updater (category:base,tabindex:12)
2022-11-20 20:47:16,906 [INFO] PluginManage:280 - PluginManage : Loaded plugins [15]
2022-11-20 20:47:17,198 [INFO] PinOutPanel:1468 - setPackage(No Configuration,No Configuration)
2022-11-20 20:47:17,273 [INFO] CADModel:98 - CPN selected for project level
2022-11-20 20:47:17,302 [INFO] IPUIPlugin:79 - create IPUIPlugin
2022-11-20 20:47:17,303 [INFO] PluginManager:217 - loadIPPluginJar : add adc
2022-11-20 20:47:17,332 [INFO] IPUIPlugin:79 - create IPUIPlugin
2022-11-20 20:47:17,332 [INFO] PluginManager:217 - loadIPPluginJar : add aes
2022-11-20 20:47:17,366 [INFO] IPUIPlugin:79 - create IPUIPlugin
2022-11-20 20:47:17,366 [INFO] PluginManager:217 - loadIPPluginJar : add can
2022-11-20 20:47:17,385 [INFO] IPUIPlugin:79 - create IPUIPlugin
2022-11-20 20:47:17,385 [INFO] PluginManager:217 - loadIPPluginJar : add comp
2022-11-20 20:47:17,412 [INFO] IPUIPlugin:79 - create IPUIPlugin
2022-11-20 20:47:17,412 [INFO] PluginManager:217 - loadIPPluginJar : add cryp
2022-11-20 20:47:17,436 [INFO] IPUIPlugin:79 - create IPUIPlugin
2022-11-20 20:47:17,436 [INFO] PluginManager:217 - loadIPPluginJar : add dfsdm
2022-11-20 20:47:17,451 [INFO] IPUIPlugin:79 - create IPUIPlugin
2022-11-20 20:47:17,452 [INFO] PluginManager:217 - loadIPPluginJar : add dma
2022-11-20 20:47:17,495 [INFO] IPUIPlugin:79 - create IPUIPlugin
2022-11-20 20:47:17,495 [INFO] PluginManager:217 - loadIPPluginJar : add dma3
2022-11-20 20:47:17,518 [INFO] IPUIPlugin:79 - create IPUIPlugin
2022-11-20 20:47:17,518 [INFO] PluginManager:217 - loadIPPluginJar : add fatfs
2022-11-20 20:47:17,577 [INFO] IPUIPlugin:79 - create IPUIPlugin
2022-11-20 20:47:17,578 [INFO] PluginManager:217 - loadIPPluginJar : add fmc
2022-11-20 20:47:17,602 [INFO] IPUIPlugin:79 - create IPUIPlugin
2022-11-20 20:47:17,603 [INFO] PluginManager:217 - loadIPPluginJar : add freertos
2022-11-20 20:47:17,642 [INFO] IPUIPlugin:79 - create IPUIPlugin
2022-11-20 20:47:17,642 [INFO] PluginManager:217 - loadIPPluginJar : add genericplugin
2022-11-20 20:47:17,757 [INFO] IPUIPlugin:79 - create IPUIPlugin
2022-11-20 20:47:17,757 [INFO] PluginManager:217 - loadIPPluginJar : add gfxmmu
2022-11-20 20:47:17,852 [INFO] IPUIPlugin:79 - create IPUIPlugin
2022-11-20 20:47:17,853 [INFO] PluginManager:217 - loadIPPluginJar : add gic
2022-11-20 20:47:17,865 [INFO] IPUIPlugin:79 - create IPUIPlugin
2022-11-20 20:47:17,866 [INFO] PluginManager:217 - loadIPPluginJar : add gpio
2022-11-20 20:47:17,935 [INFO] IPUIPlugin:79 - create IPUIPlugin
2022-11-20 20:47:17,936 [INFO] PluginManager:217 - loadIPPluginJar : add gtzc
2022-11-20 20:47:17,958 [INFO] IPUIPlugin:79 - create IPUIPlugin
2022-11-20 20:47:17,958 [INFO] PluginManager:217 - loadIPPluginJar : add hash
2022-11-20 20:47:18,002 [INFO] IPUIPlugin:79 - create IPUIPlugin
2022-11-20 20:47:18,002 [INFO] PluginManager:217 - loadIPPluginJar : add i2c
2022-11-20 20:47:18,031 [INFO] IPUIPlugin:79 - create IPUIPlugin
2022-11-20 20:47:18,031 [INFO] PluginManager:217 - loadIPPluginJar : add i2s
2022-11-20 20:47:18,114 [INFO] IPUIPlugin:79 - create IPUIPlugin
2022-11-20 20:47:18,115 [INFO] PluginManager:217 - loadIPPluginJar : add ipddr
2022-11-20 20:47:18,177 [INFO] IPUIPlugin:79 - create IPUIPlugin
2022-11-20 20:47:18,178 [INFO] PluginManager:217 - loadIPPluginJar : add linkedlist
2022-11-20 20:47:18,202 [INFO] IPUIPlugin:79 - create IPUIPlugin
2022-11-20 20:47:18,202 [INFO] PluginManager:217 - loadIPPluginJar : add lorawan
2022-11-20 20:47:18,228 [INFO] IPUIPlugin:79 - create IPUIPlugin
2022-11-20 20:47:18,228 [INFO] PluginManager:217 - loadIPPluginJar : add ltdc
2022-11-20 20:47:18,242 [INFO] IPUIPlugin:79 - create IPUIPlugin
2022-11-20 20:47:18,243 [INFO] PluginManager:217 - loadIPPluginJar : add mdma
2022-11-20 20:47:18,254 [INFO] IPUIPlugin:79 - create IPUIPlugin
2022-11-20 20:47:18,254 [INFO] PluginManager:217 - loadIPPluginJar : add nvic
2022-11-20 20:47:18,280 [INFO] IPUIPlugin:79 - create IPUIPlugin
2022-11-20 20:47:18,280 [INFO] PluginManager:217 - loadIPPluginJar : add opamp
2022-11-20 20:47:18,328 [INFO] IPUIPlugin:79 - create IPUIPlugin
2022-11-20 20:47:18,328 [INFO] PluginManager:217 - loadIPPluginJar : add openamp
2022-11-20 20:47:18,367 [INFO] IPUIPlugin:79 - create IPUIPlugin
2022-11-20 20:47:18,367 [INFO] PluginManager:217 - loadIPPluginJar : add pdm2pcm
2022-11-20 20:47:18,382 [INFO] IPUIPlugin:79 - create IPUIPlugin
2022-11-20 20:47:18,385 [INFO] PluginManager:217 - loadIPPluginJar : add plateformsettings
2022-11-20 20:47:18,405 [INFO] IPUIPlugin:79 - create IPUIPlugin
2022-11-20 20:47:18,405 [INFO] PluginManager:217 - loadIPPluginJar : add quadspi
2022-11-20 20:47:18,418 [INFO] IPUIPlugin:79 - create IPUIPlugin
2022-11-20 20:47:18,418 [INFO] PluginManager:217 - loadIPPluginJar : add resmgrutility
2022-11-20 20:47:18,460 [INFO] IPUIPlugin:79 - create IPUIPlugin
2022-11-20 20:47:18,460 [INFO] PluginManager:217 - loadIPPluginJar : add sai
2022-11-20 20:47:18,489 [INFO] IPUIPlugin:79 - create IPUIPlugin
2022-11-20 20:47:18,489 [INFO] PluginManager:217 - loadIPPluginJar : add spi
2022-11-20 20:47:18,532 [INFO] IPUIPlugin:79 - create IPUIPlugin
2022-11-20 20:47:18,532 [INFO] PluginManager:217 - loadIPPluginJar : add stm32_wpan
2022-11-20 20:47:18,551 [INFO] IPUIPlugin:79 - create IPUIPlugin
2022-11-20 20:47:18,551 [INFO] PluginManager:217 - loadIPPluginJar : add tim
2022-11-20 20:47:18,596 [INFO] IPUIPlugin:79 - create IPUIPlugin
2022-11-20 20:47:18,596 [INFO] PluginManager:217 - loadIPPluginJar : add touchsensing
2022-11-20 20:47:18,615 [INFO] IPUIPlugin:79 - create IPUIPlugin
2022-11-20 20:47:18,615 [INFO] PluginManager:217 - loadIPPluginJar : add tracer_emb
2022-11-20 20:47:18,634 [INFO] IPUIPlugin:79 - create IPUIPlugin
2022-11-20 20:47:18,635 [INFO] PluginManager:217 - loadIPPluginJar : add ts
2022-11-20 20:47:18,655 [INFO] IPUIPlugin:79 - create IPUIPlugin
2022-11-20 20:47:18,655 [INFO] PluginManager:217 - loadIPPluginJar : add tsc
2022-11-20 20:47:18,677 [INFO] IPUIPlugin:79 - create IPUIPlugin
2022-11-20 20:47:18,677 [INFO] PluginManager:217 - loadIPPluginJar : add ucpd
2022-11-20 20:47:18,720 [INFO] IPUIPlugin:79 - create IPUIPlugin
2022-11-20 20:47:18,720 [INFO] PluginManager:217 - loadIPPluginJar : add usart
2022-11-20 20:47:18,761 [INFO] IPUIPlugin:79 - create IPUIPlugin
2022-11-20 20:47:18,761 [INFO] PluginManager:217 - loadIPPluginJar : add usbx
2022-11-20 20:47:19,097 [FATAL] Updater:301 - Updater called before beeing initialized
2022-11-20 20:47:19,279 [FATAL] Updater:301 - Updater called before beeing initialized
2022-11-20 20:47:19,295 [INFO] DbMcusAds:52 - JSON generation date=Thu Sep 30 00:55:09 CST 2021 (1632984909377)
2022-11-20 20:47:19,296 [FATAL] Updater:301 - Updater called before beeing initialized
2022-11-20 20:47:19,371 [WARN] DetailPanel:344 - Failed to get advertising image, set to default
2022-11-20 20:47:19,486 [FATAL] Updater:301 - Updater called before beeing initialized
2022-11-20 20:47:19,488 [FATAL] Updater:301 - Updater called before beeing initialized
2022-11-20 20:47:19,488 [FATAL] Updater:301 - Updater called before beeing initialized
2022-11-20 20:47:19,488 [WARN] DetailPanel:344 - Failed to get advertising image, set to default
2022-11-20 20:47:19,489 [FATAL] Updater:301 - Updater called before beeing initialized
2022-11-20 20:47:19,547 [ERROR] Updater:1105 - MainUpdater not yet initialized. External WinMGr cannot be set.
2022-11-20 20:47:19,555 [INFO] Updater:1041 - Updater Version found : 6.6.1
2022-11-20 20:47:19,577 [INFO] ApplicationProperties:181 - Using Application install path: C:\ST\STM32CubeIDE_1.5.1\STM32CubeIDE\plugins\com.st.stm32cube.common.mx_6.6.1.202207061420
2022-11-20 20:47:19,604 [INFO] ThirdPartyUpdaterWithRetryManager:70 - Updater plugin not ready yet. [2/15]
2022-11-20 20:47:20,011 [INFO] MainUpdater:2768 - connection check result : 10
2022-11-20 20:47:20,012 [INFO] MainUpdater:3453 - Updater definition file requires update
2022-11-20 20:47:20,013 [INFO] MainUpdater:280 - Updater Check For Update Now.
2022-11-20 20:47:20,014 [INFO] MicroXplorer:481 - Change Database Version : DB.6.0.60
2022-11-20 20:47:20,213 [INFO] ServerAccessManage:474 - Download File updaters.zip
2022-11-20 20:47:20,367 [INFO] FileExtend:239 - Unzip File : updaters.zip
2022-11-20 20:47:20,367 [INFO] FileExtend:254 - Standard Zip Deflate
2022-11-20 20:47:20,979 [INFO] ServerAccessManage:474 - Download File PacksControlFlags.xml
2022-11-20 20:47:21,159 [INFO] ServerAccessManage:474 - Download File cubemx.pidx
2022-11-20 20:47:21,804 [INFO] ServerAccessManage:474 - Download File STMicroelectronics.FP-ATR-ASTRA1.pdsc
2022-11-20 20:47:22,617 [WARN] MainUpdater:1184 - Updater busy. Cannot search thirdparties
2022-11-20 20:47:22,618 [INFO] ThirdPartyUpdaterWithRetryManager:96 - Updater plugin is busy. [1/15]
2022-11-20 20:47:22,726 [INFO] ServerAccessManage:474 - Download File STMicroelectronics.FP-ATR-SIGFOX1.pdsc
2022-11-20 20:47:23,443 [INFO] ServerAccessManage:474 - Download File STMicroelectronics.X-CUBE-AI.pdsc
2022-11-20 20:47:25,624 [WARN] MainUpdater:1184 - Updater busy. Cannot search thirdparties
2022-11-20 20:47:25,624 [INFO] ThirdPartyUpdaterWithRetryManager:96 - Updater plugin is busy. [2/15]
2022-11-20 20:47:27,464 [INFO] ServerAccessManage:474 - Download File STMicroelectronics.X-CUBE-BLEMGR.pdsc
2022-11-20 20:47:28,633 [WARN] MainUpdater:1184 - Updater busy. Cannot search thirdparties
2022-11-20 20:47:28,633 [INFO] ThirdPartyUpdaterWithRetryManager:96 - Updater plugin is busy. [3/15]
2022-11-20 20:47:28,759 [INFO] ServerAccessManage:474 - Download File STMicroelectronics.X-CUBE-ISPU.pdsc
2022-11-20 20:47:29,640 [INFO] ServerAccessManage:474 - Download File STMicroelectronics.X-CUBE-NFC4.pdsc
2022-11-20 20:47:31,056 [INFO] ServerAccessManage:474 - Download File STMicroelectronics.X-CUBE-TOF1.pdsc
2022-11-20 20:47:31,635 [WARN] MainUpdater:1184 - Updater busy. Cannot search thirdparties
2022-11-20 20:47:31,635 [INFO] ThirdPartyUpdaterWithRetryManager:96 - Updater plugin is busy. [4/15]
2022-11-20 20:47:32,607 [ERROR] ServerAccessManage:1090 - Problem, file not found on Server
2022-11-20 20:47:33,414 [WARN] PackLoader:242 - Cannot read IP mode file for STMicroelectronics.FP-ATR-ASTRA1.1.1.1
2022-11-20 20:47:33,423 [WARN] PackLoader:242 - Cannot read IP mode file for STMicroelectronics.FP-ATR-SIGFOX1.3.2.0
2022-11-20 20:47:33,428 [WARN] PackLoader:242 - Cannot read IP mode file for STMicroelectronics.X-CUBE-AI.7.3.0
2022-11-20 20:47:33,438 [WARN] PackLoader:242 - Cannot read IP mode file for STMicroelectronics.X-CUBE-BLEMGR.1.2.0
2022-11-20 20:47:33,444 [WARN] PackLoader:242 - Cannot read IP mode file for STMicroelectronics.X-CUBE-ISPU.1.1.0
2022-11-20 20:47:33,454 [WARN] PackLoader:242 - Cannot read IP mode file for STMicroelectronics.X-CUBE-NFC4.2.0.5
2022-11-20 20:47:33,468 [WARN] PackLoader:242 - Cannot read IP mode file for STMicroelectronics.X-CUBE-TOF1.3.2.0
2022-11-20 20:47:33,478 [INFO] PopulateThirdPartyThread:64 - Ending populate Thread
2022-11-20 20:47:33,480 [INFO] ThirdParty:981 - CMSIS Pack Vendor :STMicroelectronics X-CUBE-ISPU 1.1.0
2022-11-20 20:47:33,480 [INFO] ThirdParty:981 - CMSIS Pack Vendor :STMicroelectronics X-CUBE-NFC4 2.0.5
2022-11-20 20:47:33,480 [INFO] ThirdParty:981 - CMSIS Pack Vendor :STMicroelectronics FP-ATR-SIGFOX1 3.2.0
2022-11-20 20:47:33,480 [INFO] ThirdParty:981 - CMSIS Pack Vendor :STMicroelectronics X-CUBE-BLEMGR 1.2.0
2022-11-20 20:47:33,480 [INFO] ThirdParty:981 - CMSIS Pack Vendor :STMicroelectronics X-CUBE-TOF1 3.2.0
2022-11-20 20:47:33,481 [INFO] ThirdParty:981 - CMSIS Pack Vendor :STMicroelectronics FP-ATR-ASTRA1 1.1.1
2022-11-20 20:47:33,481 [INFO] ThirdParty:981 - CMSIS Pack Vendor :STMicroelectronics X-CUBE-AI 7.3.0
2022-11-20 20:47:33,481 [INFO] LoadServerUpdatesThread:367 - End of LoadServerUpdate Thread
2022-11-20 20:47:33,533 [INFO] CheckServerUpdateThread:119 - End of CheckServer Thread
2022-11-20 20:47:33,560 [INFO] MainUpdater:2768 - connection check result : 10
2022-11-20 20:47:33,579 [INFO] McuFinderGlobals:57 - Set McuFinderConnectedMode to true
2022-11-20 20:47:33,986 [INFO] ServerAccessManage:474 - Download File mcusAds.json._tmp_
2022-11-20 20:47:34,109 [INFO] LoadUrlFilesThread:150 - End of LoadUrlFiles Thread
2022-11-20 20:47:34,441 [INFO] ServerAccessManage:474 - Download File cube-finder-db.zip
2022-11-20 20:47:34,636 [WARN] MainUpdater:1184 - Updater busy. Cannot search thirdparties
2022-11-20 20:47:34,636 [INFO] ThirdPartyUpdaterWithRetryManager:96 - Updater plugin is busy. [5/15]
2022-11-20 20:47:37,646 [WARN] MainUpdater:1184 - Updater busy. Cannot search thirdparties
2022-11-20 20:47:37,647 [INFO] ThirdPartyUpdaterWithRetryManager:96 - Updater plugin is busy. [6/15]
2022-11-20 20:47:40,036 [INFO] FileExtend:239 - Unzip File : cube-finder-db.zip
2022-11-20 20:47:40,037 [INFO] FileExtend:254 - Standard Zip Deflate
2022-11-20 20:47:40,650 [WARN] MainUpdater:1184 - Updater busy. Cannot search thirdparties
2022-11-20 20:47:40,650 [INFO] ThirdPartyUpdaterWithRetryManager:96 - Updater plugin is busy. [7/15]
2022-11-20 20:47:40,710 [INFO] LoadUrlFilesThread:150 - End of LoadUrlFiles Thread
2022-11-20 20:47:42,801 [INFO] ServerAccessManage:474 - Download File crdb.zip
2022-11-20 20:47:43,659 [WARN] MainUpdater:1184 - Updater busy. Cannot search thirdparties
2022-11-20 20:47:43,659 [INFO] ThirdPartyUpdaterWithRetryManager:96 - Updater plugin is busy. [8/15]
2022-11-20 20:47:44,049 [INFO] FileExtend:239 - Unzip File : crdb.zip
2022-11-20 20:47:44,050 [INFO] FileExtend:254 - Standard Zip Deflate
2022-11-20 20:47:44,238 [INFO] LoadUrlFilesThread:150 - End of LoadUrlFiles Thread
2022-11-20 20:47:44,542 [INFO] ServerAccessManage:474 - Download File tutoVideoDB.zip
2022-11-20 20:47:44,597 [INFO] FileExtend:239 - Unzip File : tutoVideoDB.zip
2022-11-20 20:47:44,597 [INFO] FileExtend:254 - Standard Zip Deflate
2022-11-20 20:47:44,722 [INFO] LoadUrlFilesThread:150 - End of LoadUrlFiles Thread
2022-11-20 20:47:44,732 [INFO] JxBrowserEngine:106 - Initiate JxBrowser Engine with user profile folder
2022-11-20 20:47:44,992 [ERROR] JxBrowserEngine:59 - Can't initiate JxBrowser engine com.teamdev.jxbrowser.engine.ChromiumBinariesExtractionException: Failed to extract Chromium binaries into C:\Users\Lalit\.stm32cubemx\.jxbrowser\Chromium
2022-11-20 20:47:44,993 [WARN] DbFile:40 - Overriding database path with different value: C:\Users\Lalit\.stmcufinder\plugins\mcufinder/ => C:\Users\Lalit\.stmcufinder\plugins\mcufinder
2022-11-20 20:47:45,158 [INFO] ServerAccessManage:474 - Download File api_config.json
2022-11-20 20:47:45,281 [INFO] LoadUrlFilesThread:150 - End of LoadUrlFiles Thread
2022-11-20 20:47:45,282 [INFO] DbMcusAds:52 - JSON generation date=Thu Sep 30 00:56:37 CST 2021 (1632984997303)
2022-11-20 20:47:45,315 [INFO] LoadUrlFilesThread:177 - End of LoadServerUrlFiles without Thread
2022-11-20 20:47:45,315 [INFO] TargetSelectorAdapter:228 - Refresh data is successful
2022-11-20 20:47:45,425 [INFO] ApiDb:576 - Connected to CubeFinder SQLite database (C:\Users\Lalit\.stmcufinder\plugins\mcufinder\mcu\cube-finder-db.db)
2022-11-20 20:47:45,454 [INFO] ApiDb:663 - CubeFinder database Data Model version=2.1
2022-11-20 20:47:45,455 [INFO] ApiDb:664 - CubeFinder database Configuration version=3.0.32
2022-11-20 20:47:45,455 [INFO] ApiDb:665 - CubeFinder database generation date=2022-08-05 (1659688109)
2022-11-20 20:47:45,455 [INFO] ApiDb:666 - CubeFinder database FW Pack versions=[STM32Cube_FW_C0_V1.0.0, STM32Cube_FW_F4_V1.27.1, STM32Cube_FW_F7_V1.17.0, STM32Cube_FW_G0_V1.6.1, STM32Cube_FW_G4_V1.5.0, STM32Cube_FW_H7_V1.10.0, STM32Cube_FW_L5_V1.4.0, STM32Cube_FW_U5_V1.1.1, STM32Cube_FW_WB_V1.14.1, STM32Cube_FW_WL_V1.2.0, X-CUBE-ALGOBUILD_V1.3.0, X-CUBE-ALS_V1.0.1, X-CUBE-AZRTOS-F4_V1.1.0, X-CUBE-AZRTOS-F7_V1.1.0, X-CUBE-AZRTOS-G0_V1.1.0, X-CUBE-AZRTOS-G4_V1.0.0, X-CUBE-AZRTOS-H7_V2.1.0, X-CUBE-AZRTOS-L4_V1.0.0, X-CUBE-AZRTOS-L5_V1.0.0, X-CUBE-AZRTOS-WL_V1.0.0, X-CUBE-BLE1_V6.2.3, X-CUBE-BLE2_V3.3.0, X-CUBE-EEPRMA1_V3.1.1, X-CUBE-GNSS1_V6.0.0, X-CUBE-MEMS1_V9.1.0, X-CUBE-MEMS1_V9.3.0, X-CUBE-NFC4_V2.0.4, X-CUBE-NFC7_V1.0.0, X-CUBE-SFXS2LP1_V4.0.0, X-CUBE-SUBG2_V5.0.0]
2022-11-20 20:47:46,814 [WARN] PackLoader:242 - Cannot read IP mode file for STMicroelectronics.X-CUBE-GNSS1.6.0.0
2022-11-20 20:47:46,856 [WARN] PackLoader:242 - Cannot read IP mode file for STMicroelectronics.X-CUBE-AZRTOS-F4.1.1.0
2022-11-20 20:47:46,873 [WARN] ConditionMgr:437 - getConditionDescription Invalid condition id : SIGFOX STM32 LIB Condition cause : null
2022-11-20 20:47:46,875 [WARN] ConditionMgr:437 - getConditionDescription Invalid condition id : Sigfox Third Party LIB Condition cause : null
2022-11-20 20:47:46,878 [WARN] PackLoader:242 - Cannot read IP mode file for STMicroelectronics.X-CUBE-SFXS2LP1.2.0.0
2022-11-20 20:47:46,878 [WARN] ConditionMgr:1038 - genDependencies : Invalid condition id : SIGFOX STM32 LIB Condition cause : null
2022-11-20 20:47:46,878 [WARN] ConditionMgr:1038 - genDependencies : Invalid condition id : Sigfox Third Party LIB Condition cause : null
2022-11-20 20:47:46,879 [WARN] ConditionMgr:1038 - genDependencies : Invalid condition id : Sigfox Third Party LIB Condition cause : null
2022-11-20 20:47:46,879 [WARN] ConditionMgr:1038 - genDependencies : Invalid condition id : SIGFOX STM32 LIB Condition cause : null
2022-11-20 20:47:46,879 [WARN] ConditionMgr:1038 - genDependencies : Invalid condition id : SIGFOX STM32 LIB Condition cause : null
2022-11-20 20:47:46,879 [WARN] ConditionMgr:1038 - genDependencies : Invalid condition id : Sigfox Third Party LIB Condition cause : null
2022-11-20 20:47:46,900 [WARN] PackLoader:242 - Cannot read IP mode file for STMicroelectronics.X-CUBE-SUBG2.4.1.0
2022-11-20 20:47:46,984 [WARN] PackLoader:242 - Cannot read IP mode file for STMicroelectronics.X-CUBE-MEMS1.9.2.0
2022-11-20 20:47:47,169 [WARN] PackLoader:242 - Cannot read IP mode file for STMicroelectronics.X-CUBE-BLEMGR.1.2.0
2022-11-20 20:47:47,207 [WARN] PackLoader:242 - Cannot read IP mode file for STMicroelectronics.X-CUBE-AZRTOS-H7.1.1.0
2022-11-20 20:47:47,256 [WARN] PackLoader:242 - Cannot read IP mode file for STMicroelectronics.X-CUBE-AZRTOS-F7.1.1.0
2022-11-20 20:47:47,268 [WARN] PackLoader:242 - Cannot read IP mode file for STMicroelectronics.X-CUBE-AI.7.1.0
2022-11-20 20:47:47,279 [WARN] PackLoader:242 - Cannot read IP mode file for STMicroelectronics.X-CUBE-TOUCHGFX.4.19.1
2022-11-20 20:47:47,290 [WARN] PackLoader:242 - Cannot read IP mode file for STMicroelectronics.X-CUBE-BLE1.6.2.3
2022-11-20 20:47:47,301 [WARN] PackLoader:242 - Cannot read IP mode file for STMicroelectronics.X-CUBE-EEPRMA1.3.0.0
2022-11-20 20:47:47,316 [WARN] PackLoader:242 - Cannot read IP mode file for STMicroelectronics.X-CUBE-ALGOBUILD.1.1.0
2022-11-20 20:47:47,327 [WARN] PackLoader:242 - Cannot read IP mode file for STMicroelectronics.X-CUBE-BLE1.6.2.0
2022-11-20 20:47:47,337 [WARN] PackLoader:242 - Cannot read IP mode file for STMicroelectronics.X-CUBE-BLE1.6.2.1
2022-11-20 20:47:47,348 [WARN] PackLoader:242 - Cannot read IP mode file for STMicroelectronics.X-CUBE-BLE1.6.2.2
2022-11-20 20:47:47,353 [WARN] PackLoader:242 - Cannot read IP mode file for STMicroelectronics.X-CUBE-NFC4.2.0.5
2022-11-20 20:47:47,371 [WARN] PackLoader:242 - Cannot read IP mode file for STMicroelectronics.X-CUBE-BLE2.3.2.1
2022-11-20 20:47:47,384 [WARN] PackLoader:242 - Cannot read IP mode file for STMicroelectronics.X-CUBE-NFC4.2.0.4
2022-11-20 20:47:47,392 [INFO] ApiDb:239 - Found 138 in-development CPN: [B-WB1M-WPAN1, NUCLEO-C031C6, STEVAL-STWINBX1, STM320518-EVAL, STM32C0116-DK, STM32C011D6Y3TR, STM32C011D6Y6TR, STM32C011F4P3, STM32C011F4P6, STM32C011F4U3, STM32C011F4U6TR, STM32C011F6P3, STM32C011F6P6, STM32C011F6U3, STM32C011F6U6TR, STM32C011J4M3, STM32C011J4M6, STM32C011J6M3, STM32C011J6M6, STM32C0316-DK, STM32C031C4T3, STM32C031C4T6, STM32C031C4U3, STM32C031C4U6, STM32C031C6T3, STM32C031C6T6, STM32C031C6U3, STM32C031C6U6, STM32C031F4P3, STM32C031F4P6, STM32C031F6P3, STM32C031F6P6, STM32C031G4U3, STM32C031G4U6, STM32C031G6U3, STM32C031G6U6, STM32C031K4T3, STM32C031K4T6, STM32C031K4U3, STM32C031K4U6, STM32C031K6T3, STM32C031K6T6, STM32C031K6U3, STM32C031K6U6, STM32G071K8TXN, STM32G071K8UXN, STM32G081GBU6N, STM32G081KBT6N, STM32G081KBUXN, STM32G0B1CCT6N, STM32G0B1KCT6, STM32G0B1NEY6TR, STM32G0B1RCT6N, STM32G0C1CCT6, STM32G0C1CCT6N, STM32G0C1CCU6N, STM32G0C1CET6N, STM32G0C1CEU6N, STM32G0C1KCT6, STM32G0C1NEY6TR, STM32G0C1RCI6N, STM32G0C1RCT6N, STM32G0C1REI6N, STM32G0C1RET6N, STM32G0C1VCI6, STM32G0C1VEI6, STM32G471CCT6, STM32G471CCU6, STM32G471CET3, STM32G471CET6, STM32G471CEU3, STM32G471CEU6, STM32G471MCT6, STM32G471MET3, STM32G471MET6, STM32G471MEY6TR, STM32G471QCT6, STM32G471QET3, STM32G471RCT6, STM32G471RET3, STM32G471RET6, STM32G471VCH6, STM32G471VCI6, STM32G471VCT6, STM32G471VEH3, STM32G471VEH6, STM32G471VEI3, STM32G471VEI6, STM32G471VET3, STM32G471VET6, STM32G474CCT6, STM32L476VGY6PTR, STM32L4R5QGI6STR, STM32MP131AAE3, STM32MP131AAF3, STM32MP131AAG3, STM32MP131CAE3, STM32MP131CAF3, STM32MP131CAG3, STM32MP131DAE7, STM32MP131DAF7, STM32MP131DAG7, STM32MP131FAE7, STM32MP131FAF7, STM32MP131FAG7, STM32MP133AAE3, STM32MP133AAF3, STM32MP133AAG3, STM32MP133CAE3, STM32MP133CAF3, STM32MP133CAG3, STM32MP133DAE7, STM32MP133DAF7, STM32MP133DAG7, STM32MP133FAE7, STM32MP133FAF7, STM32MP133FAG7, STM32MP135AAE3, STM32MP135AAF3, STM32MP135AAG3, STM32MP135CAE3, STM32MP135CAF3, STM32MP135CAG3, STM32MP135DAE7, STM32MP135DAF7, STM32MP135DAG7, STM32MP135F-DK, STM32MP135FAE7, STM32MP135FAF7, STM32MP135FAG7, STM32U595ZJT6Q, STM32U599BJY6QTR, STM32U599NIH6Q, STM32U599NJH6Q, STM32U5A5ZJT6Q, STM32U5A9BJY6QTR, STM32U5A9NJH6Q, STM32WB1MMCH6]
2022-11-20 20:47:47,397 [WARN] PackLoader:242 - Cannot read IP mode file for STMicroelectronics.X-CUBE-BLE2.3.2.2
2022-11-20 20:47:47,398 [INFO] DbMcus:215 - Found 3542 MCUs, 3542 are supported
2022-11-20 20:47:47,402 [INFO] ApiDb:418 - Load user favorites file C:\Users\Lalit/.stm32cubeide/favorites.mcus.txt: 0 item(s)
2022-11-20 20:47:47,402 [INFO] ApiDb:422 - User favorites MCUs=[]
2022-11-20 20:47:47,402 [INFO] DbMcus:221 - Set 0 / 0 favorites MCUs
2022-11-20 20:47:47,406 [INFO] ApiDb:663 - CubeFinder database Data Model version=2.1
2022-11-20 20:47:47,407 [INFO] ApiDb:664 - CubeFinder database Configuration version=3.0.32
2022-11-20 20:47:47,407 [INFO] ApiDb:665 - CubeFinder database generation date=2022-08-05 (1659688109)
2022-11-20 20:47:47,407 [INFO] ApiDb:666 - CubeFinder database FW Pack versions=[STM32Cube_FW_C0_V1.0.0, STM32Cube_FW_F4_V1.27.1, STM32Cube_FW_F7_V1.17.0, STM32Cube_FW_G0_V1.6.1, STM32Cube_FW_G4_V1.5.0, STM32Cube_FW_H7_V1.10.0, STM32Cube_FW_L5_V1.4.0, STM32Cube_FW_U5_V1.1.1, STM32Cube_FW_WB_V1.14.1, STM32Cube_FW_WL_V1.2.0, X-CUBE-ALGOBUILD_V1.3.0, X-CUBE-ALS_V1.0.1, X-CUBE-AZRTOS-F4_V1.1.0, X-CUBE-AZRTOS-F7_V1.1.0, X-CUBE-AZRTOS-G0_V1.1.0, X-CUBE-AZRTOS-G4_V1.0.0, X-CUBE-AZRTOS-H7_V2.1.0, X-CUBE-AZRTOS-L4_V1.0.0, X-CUBE-AZRTOS-L5_V1.0.0, X-CUBE-AZRTOS-WL_V1.0.0, X-CUBE-BLE1_V6.2.3, X-CUBE-BLE2_V3.3.0, X-CUBE-EEPRMA1_V3.1.1, X-CUBE-GNSS1_V6.0.0, X-CUBE-MEMS1_V9.1.0, X-CUBE-MEMS1_V9.3.0, X-CUBE-NFC4_V2.0.4, X-CUBE-NFC7_V1.0.0, X-CUBE-SFXS2LP1_V4.0.0, X-CUBE-SUBG2_V5.0.0]
2022-11-20 20:47:47,410 [WARN] PackLoader:242 - Cannot read IP mode file for STMicroelectronics.X-CUBE-NFC4.2.0.3
2022-11-20 20:47:47,425 [WARN] PackLoader:242 - Cannot read IP mode file for STMicroelectronics.X-CUBE-NFC4.2.0.2
2022-11-20 20:47:47,438 [WARN] PackLoader:242 - Cannot read IP mode file for STMicroelectronics.X-CUBE-NFC4.2.0.1
2022-11-20 20:47:47,456 [WARN] PackLoader:242 - Cannot read IP mode file for STMicroelectronics.X-CUBE-TOF1.3.1.0
2022-11-20 20:47:47,470 [INFO] DbBoardsSqlite:227 - include board P-NUCLEO-WB55-NUCLEO as a kit item of type 'Nucleo-64'
2022-11-20 20:47:47,471 [WARN] PackLoader:242 - Cannot read IP mode file for STMicroelectronics.X-CUBE-BLE2.3.2.0
2022-11-20 20:47:47,471 [INFO] DbBoardsSqlite:227 - include board P-NUCLEO-WB55-USBDONGLE as a kit item of type 'Nucleo USB Dongle'
2022-11-20 20:47:47,471 [INFO] DbBoardsSqlite:227 - include board STEVAL-IDP005V1 as a kit item of type 'Evaluation Board'
2022-11-20 20:47:47,479 [INFO] DbBoardsSqlite:227 - include board STEVAL-IDP005V2 as a kit item of type 'Evaluation Board'
2022-11-20 20:47:47,490 [WARN] PackLoader:242 - Cannot read IP mode file for STMicroelectronics.X-CUBE-SFXS2LP1.3.1.0
2022-11-20 20:47:47,492 [INFO] ApiDb:239 - Found 138 in-development CPN: [B-WB1M-WPAN1, NUCLEO-C031C6, STEVAL-STWINBX1, STM320518-EVAL, STM32C0116-DK, STM32C011D6Y3TR, STM32C011D6Y6TR, STM32C011F4P3, STM32C011F4P6, STM32C011F4U3, STM32C011F4U6TR, STM32C011F6P3, STM32C011F6P6, STM32C011F6U3, STM32C011F6U6TR, STM32C011J4M3, STM32C011J4M6, STM32C011J6M3, STM32C011J6M6, STM32C0316-DK, STM32C031C4T3, STM32C031C4T6, STM32C031C4U3, STM32C031C4U6, STM32C031C6T3, STM32C031C6T6, STM32C031C6U3, STM32C031C6U6, STM32C031F4P3, STM32C031F4P6, STM32C031F6P3, STM32C031F6P6, STM32C031G4U3, STM32C031G4U6, STM32C031G6U3, STM32C031G6U6, STM32C031K4T3, STM32C031K4T6, STM32C031K4U3, STM32C031K4U6, STM32C031K6T3, STM32C031K6T6, STM32C031K6U3, STM32C031K6U6, STM32G071K8TXN, STM32G071K8UXN, STM32G081GBU6N, STM32G081KBT6N, STM32G081KBUXN, STM32G0B1CCT6N, STM32G0B1KCT6, STM32G0B1NEY6TR, STM32G0B1RCT6N, STM32G0C1CCT6, STM32G0C1CCT6N, STM32G0C1CCU6N, STM32G0C1CET6N, STM32G0C1CEU6N, STM32G0C1KCT6, STM32G0C1NEY6TR, STM32G0C1RCI6N, STM32G0C1RCT6N, STM32G0C1REI6N, STM32G0C1RET6N, STM32G0C1VCI6, STM32G0C1VEI6, STM32G471CCT6, STM32G471CCU6, STM32G471CET3, STM32G471CET6, STM32G471CEU3, STM32G471CEU6, STM32G471MCT6, STM32G471MET3, STM32G471MET6, STM32G471MEY6TR, STM32G471QCT6, STM32G471QET3, STM32G471RCT6, STM32G471RET3, STM32G471RET6, STM32G471VCH6, STM32G471VCI6, STM32G471VCT6, STM32G471VEH3, STM32G471VEH6, STM32G471VEI3, STM32G471VEI6, STM32G471VET3, STM32G471VET6, STM32G474CCT6, STM32L476VGY6PTR, STM32L4R5QGI6STR, STM32MP131AAE3, STM32MP131AAF3, STM32MP131AAG3, STM32MP131CAE3, STM32MP131CAF3, STM32MP131CAG3, STM32MP131DAE7, STM32MP131DAF7, STM32MP131DAG7, STM32MP131FAE7, STM32MP131FAF7, STM32MP131FAG7, STM32MP133AAE3, STM32MP133AAF3, STM32MP133AAG3, STM32MP133CAE3, STM32MP133CAF3, STM32MP133CAG3, STM32MP133DAE7, STM32MP133DAF7, STM32MP133DAG7, STM32MP133FAE7, STM32MP133FAF7, STM32MP133FAG7, STM32MP135AAE3, STM32MP135AAF3, STM32MP135AAG3, STM32MP135CAE3, STM32MP135CAF3, STM32MP135CAG3, STM32MP135DAE7, STM32MP135DAF7, STM32MP135DAG7, STM32MP135F-DK, STM32MP135FAE7, STM32MP135FAF7, STM32MP135FAG7, STM32U595ZJT6Q, STM32U599BJY6QTR, STM32U599NIH6Q, STM32U599NJH6Q, STM32U5A5ZJT6Q, STM32U5A9BJY6QTR, STM32U5A9NJH6Q, STM32WB1MMCH6]
2022-11-20 20:47:47,516 [WARN] PackLoader:242 - Cannot read IP mode file for STMicroelectronics.X-CUBE-AZRTOS-F4.1.0.0
2022-11-20 20:47:47,538 [WARN] PackLoader:242 - Cannot read IP mode file for STMicroelectronics.X-CUBE-SUBG2.3.0.1
2022-11-20 20:47:47,561 [WARN] PackLoader:242 - Cannot read IP mode file for STMicroelectronics.X-CUBE-TOF1.2.0.0
2022-11-20 20:47:47,574 [WARN] PackLoader:242 - Cannot read IP mode file for STMicroelectronics.X-CUBE-NFC7.1.0.0
2022-11-20 20:47:47,593 [WARN] PackLoader:242 - Cannot read IP mode file for STMicroelectronics.X-CUBE-SUBG2.4.2.0
2022-11-20 20:47:47,635 [WARN] PackLoader:242 - Cannot read IP mode file for STMicroelectronics.X-CUBE-AZRTOS-H7.1.0.0
2022-11-20 20:47:47,669 [INFO] BoardInfo:879 - No configuration file found for board P-NUCLEO-WB55
2022-11-20 20:47:47,670 [INFO] DbBoards:156 - Kit is not supported: P-NUCLEO-WB55
2022-11-20 20:47:47,677 [INFO] BoardInfo:879 - No configuration file found for board STEVAL-BFA001V1B
2022-11-20 20:47:47,677 [INFO] DbBoards:156 - Kit is not supported: STEVAL-BFA001V1B
2022-11-20 20:47:47,679 [INFO] BoardInfo:879 - No configuration file found for board STEVAL-BFA001V2B
2022-11-20 20:47:47,679 [INFO] DbBoards:156 - Kit is not supported: STEVAL-BFA001V2B
2022-11-20 20:47:47,715 [WARN] PackLoader:242 - Cannot read IP mode file for STMicroelectronics.X-CUBE-MEMS1.9.3.0
2022-11-20 20:47:47,899 [INFO] DbBoards:160 - Found 176 boards, 173 are supported
2022-11-20 20:47:47,910 [INFO] ApiDb:418 - Load user favorites file C:\Users\Lalit/.stm32cubeide/favorites.boards.txt: 0 item(s)
2022-11-20 20:47:47,910 [INFO] ApiDb:422 - User favorites Boards=[]
2022-11-20 20:47:47,911 [INFO] DbBoards:189 - Set 0 / 0 favorites Boards
2022-11-20 20:47:47,915 [INFO] ApiDb:663 - CubeFinder database Data Model version=2.1
2022-11-20 20:47:47,916 [INFO] ApiDb:664 - CubeFinder database Configuration version=3.0.32
2022-11-20 20:47:47,916 [INFO] ApiDb:665 - CubeFinder database generation date=2022-08-05 (1659688109)
2022-11-20 20:47:47,916 [INFO] ApiDb:666 - CubeFinder database FW Pack versions=[STM32Cube_FW_C0_V1.0.0, STM32Cube_FW_F4_V1.27.1, STM32Cube_FW_F7_V1.17.0, STM32Cube_FW_G0_V1.6.1, STM32Cube_FW_G4_V1.5.0, STM32Cube_FW_H7_V1.10.0, STM32Cube_FW_L5_V1.4.0, STM32Cube_FW_U5_V1.1.1, STM32Cube_FW_WB_V1.14.1, STM32Cube_FW_WL_V1.2.0, X-CUBE-ALGOBUILD_V1.3.0, X-CUBE-ALS_V1.0.1, X-CUBE-AZRTOS-F4_V1.1.0, X-CUBE-AZRTOS-F7_V1.1.0, X-CUBE-AZRTOS-G0_V1.1.0, X-CUBE-AZRTOS-G4_V1.0.0, X-CUBE-AZRTOS-H7_V2.1.0, X-CUBE-AZRTOS-L4_V1.0.0, X-CUBE-AZRTOS-L5_V1.0.0, X-CUBE-AZRTOS-WL_V1.0.0, X-CUBE-BLE1_V6.2.3, X-CUBE-BLE2_V3.3.0, X-CUBE-EEPRMA1_V3.1.1, X-CUBE-GNSS1_V6.0.0, X-CUBE-MEMS1_V9.1.0, X-CUBE-MEMS1_V9.3.0, X-CUBE-NFC4_V2.0.4, X-CUBE-NFC7_V1.0.0, X-CUBE-SFXS2LP1_V4.0.0, X-CUBE-SUBG2_V5.0.0]
2022-11-20 20:47:47,918 [WARN] PackLoader:242 - Cannot read IP mode file for STMicroelectronics.X-CUBE-AI.7.2.0
2022-11-20 20:47:47,935 [WARN] PackLoader:242 - Cannot read IP mode file for STMicroelectronics.X-CUBE-ALGOBUILD.1.2.1
2022-11-20 20:47:47,953 [WARN] PackLoader:242 - Cannot read IP mode file for STMicroelectronics.X-CUBE-DISPLAY.1.0.0
2022-11-20 20:47:47,967 [WARN] PackLoader:242 - Cannot read IP mode file for STMicroelectronics.X-CUBE-AI.6.0.0
2022-11-20 20:47:48,009 [WARN] PackLoader:242 - Cannot read IP mode file for STMicroelectronics.X-CUBE-AZRTOS-G0.1.0.0
2022-11-20 20:47:48,027 [WARN] PackLoader:242 - Cannot read IP mode file for STMicroelectronics.X-CUBE-ALGOBUILD.1.2.0
2022-11-20 20:47:48,038 [WARN] PackLoader:242 - Cannot read IP mode file for STMicroelectronics.X-CUBE-BLE1.6.1.0
2022-11-20 20:47:48,054 [WARN] PackLoader:242 - Cannot read IP mode file for STMicroelectronics.X-CUBE-SFXS2LP1.4.0.0
2022-11-20 20:47:48,066 [WARN] PackLoader:242 - Cannot read IP mode file for STMicroelectronics.X-CUBE-BLE2.3.3.0
2022-11-20 20:47:48,081 [WARN] PackLoader:242 - Cannot read IP mode file for STMicroelectronics.X-CUBE-DISPLAY.2.2.0
2022-11-20 20:47:48,108 [WARN] PackLoader:242 - Cannot read IP mode file for wolfSSL.I-CUBE-wolfSSL.4.7.0
2022-11-20 20:47:48,132 [WARN] PackLoader:242 - Cannot read IP mode file for STMicroelectronics.X-CUBE-TOF1.3.2.0
2022-11-20 20:47:48,154 [WARN] PackLoader:242 - Cannot read IP mode file for STMicroelectronics.X-CUBE-AI.5.2.0
2022-11-20 20:47:48,166 [WARN] PackLoader:242 - Cannot read IP mode file for STMicroelectronics.X-CUBE-TOUCHGFX.4.18.1
2022-11-20 20:47:48,172 [WARN] PackLoader:242 - Cannot read IP mode file for STMicroelectronics.X-CUBE-ISPU.1.0.0
2022-11-20 20:47:48,177 [WARN] PackLoader:242 - Cannot read IP mode file for STMicroelectronics.X-CUBE-ISPU.1.1.0
2022-11-20 20:47:48,197 [WARN] PackLoader:242 - Cannot read IP mode file for RoweBots.I-CUBE-UNISONRTOS.5.5.0-4
2022-11-20 20:47:48,211 [WARN] PackLoader:242 - Cannot read IP mode file for STMicroelectronics.X-CUBE-SFXS2LP1.3.0.0
2022-11-20 20:47:48,273 [WARN] PackLoader:242 - Cannot read IP mode file for STMicroelectronics.X-CUBE-AZRTOS-H7.2.1.0
2022-11-20 20:47:48,298 [WARN] PackLoader:242 - Cannot read IP mode file for STMicroelectronics.X-CUBE-BLEMGR.1.0.0
2022-11-20 20:47:48,352 [WARN] PackLoader:242 - Cannot read IP mode file for STMicroelectronics.X-CUBE-MEMS1.9.0.0
2022-11-20 20:47:48,453 [WARN] PackLoader:242 - Cannot read IP mode file for STMicroelectronics.X-CUBE-AI.7.3.0
2022-11-20 20:47:48,513 [WARN] PackLoader:242 - Cannot read IP mode file for STMicroelectronics.X-CUBE-MEMS1.8.2.0
2022-11-20 20:47:48,616 [WARN] PackLoader:242 - Cannot read IP mode file for STMicroelectronics.X-CUBE-ALGOBUILD.1.3.0
2022-11-20 20:47:48,642 [WARN] PackLoader:242 - Cannot read IP mode file for STMicroelectronics.X-CUBE-AZRTOS-G0.1.1.0
2022-11-20 20:47:48,659 [WARN] PackLoader:242 - Cannot read IP mode file for STMicroelectronics.X-CUBE-SUBG2.5.0.0
2022-11-20 20:47:48,704 [WARN] PackLoader:242 - Cannot read IP mode file for SEGGER.I-CUBE-embOS.1.2.0
2022-11-20 20:47:48,770 [WARN] PackLoader:242 - Cannot read IP mode file for STMicroelectronics.X-CUBE-GNSS1.5.1.0
2022-11-20 20:47:48,782 [WARN] PackLoader:242 - Cannot read IP mode file for STMicroelectronics.X-CUBE-DISPLAY.2.1.0
2022-11-20 20:47:48,792 [WARN] PackLoader:242 - Cannot read IP mode file for STMicroelectronics.X-CUBE-TOUCHGFX.4.17.0
2022-11-20 20:47:48,796 [WARN] PackLoader:242 - Cannot read IP mode file for STMicroelectronics.FP-ATR-ASTRA1.1.1.1
2022-11-20 20:47:48,799 [WARN] PackLoader:242 - Cannot read IP mode file for STMicroelectronics.FP-ATR-ASTRA1.1.1.0
2022-11-20 20:47:48,827 [WARN] PackLoader:242 - Cannot read IP mode file for STMicroelectronics.X-CUBE-AZRTOS-H7.2.0.0
2022-11-20 20:47:48,853 [WARN] PackLoader:242 - Cannot read IP mode file for STMicroelectronics.X-CUBE-AZRTOS-G4.1.0.0
2022-11-20 20:47:48,857 [WARN] PackLoader:242 - Cannot read IP mode file for STMicroelectronics.FP-ATR-SIGFOX1.3.2.0
2022-11-20 20:47:48,884 [WARN] PackLoader:242 - Cannot read IP mode file for STMicroelectronics.X-CUBE-AZRTOS-L4.1.0.0
2022-11-20 20:47:48,899 [WARN] PackLoader:242 - Cannot read IP mode file for emotas.I-CUBE-CANOPEN.1.1.2
2022-11-20 20:47:48,908 [WARN] PackLoader:242 - Cannot read IP mode file for STMicroelectronics.X-CUBE-TOUCHGFX.4.20.0
2022-11-20 20:47:48,927 [INFO] DbExamplesSqlite:374 - Ignored 31 examples not supported by CubeIDE
2022-11-20 20:47:48,928 [INFO] DbExamplesSqlite:375 - Found 6197 examples active
2022-11-20 20:47:48,928 [INFO] DbExamplesSqlite:376 - Found 89 examples obsolete
2022-11-20 20:47:48,928 [INFO] DbExamplesSqlite:377 - Found 0 examples under development
2022-11-20 20:47:48,929 [INFO] DbExamplesSqlite:378 - Found 76 examples not building
2022-11-20 20:47:48,931 [INFO] DbExamples:124 - Found 6242 examples
2022-11-20 20:47:48,935 [WARN] PackLoader:242 - Cannot read IP mode file for STMicroelectronics.X-CUBE-AZRTOS-F7.1.0.0
2022-11-20 20:47:48,947 [INFO] DbExamples:221 - Found 77 boards with related examples
2022-11-20 20:47:48,948 [INFO] DbExamples:234 - Found 64 MCUs with related examples
2022-11-20 20:47:48,953 [WARN] PackLoader:242 - Cannot read IP mode file for STMicroelectronics.X-CUBE-SUBG2.4.0.0
2022-11-20 20:47:48,967 [INFO] ApiDb:418 - Load user favorites file C:\Users\Lalit/.stm32cubeide/favorites.examples.txt: 0 item(s)
2022-11-20 20:47:48,968 [INFO] ApiDb:422 - User favorites Examples=[]
2022-11-20 20:47:48,968 [INFO] DbExamples:249 - Set 0 / 0 favorites Examples
2022-11-20 20:47:48,982 [WARN] PackLoader:242 - Cannot read IP mode file for STMicroelectronics.X-CUBE-AZRTOS-WL.1.0.0
2022-11-20 20:47:49,069 [WARN] PackLoader:242 - Cannot read IP mode file for STMicroelectronics.X-CUBE-MEMS1.9.1.0
2022-11-20 20:47:49,163 [WARN] PackLoader:242 - Cannot read IP mode file for STMicroelectronics.X-CUBE-TOF1.1.0.0
2022-11-20 20:47:49,177 [WARN] PackLoader:242 - Cannot read IP mode file for portGmbH.I-Cube-SoM-uGOAL.1.1.0
2022-11-20 20:47:49,188 [WARN] PackLoader:242 - Cannot read IP mode file for STMicroelectronics.X-CUBE-ALS.1.0.1
2022-11-20 20:47:49,198 [WARN] PackLoader:242 - Cannot read IP mode file for STMicroelectronics.X-CUBE-AI.7.0.0
2022-11-20 20:47:49,240 [WARN] PackLoader:242 - Cannot read IP mode file for STMicroelectronics.X-CUBE-MEMS1.8.3.0
2022-11-20 20:47:49,354 [WARN] PackLoader:242 - Cannot read IP mode file for STMicroelectronics.X-CUBE-AZRTOS-L5.1.0.0
2022-11-20 20:47:49,400 [WARN] PackLoader:242 - Cannot read IP mode file for STMicroelectronics.X-CUBE-EEPRMA1.3.1.0
2022-11-20 20:47:49,416 [WARN] PackLoader:242 - Cannot read IP mode file for STMicroelectronics.X-CUBE-EEPRMA1.3.1.1
2022-11-20 20:47:49,430 [INFO] McuFinderGlobals:57 - Set McuFinderConnectedMode to true
2022-11-20 20:47:49,430 [WARN] PackLoader:242 - Cannot read IP mode file for STMicroelectronics.X-CUBE-GNSS1.5.2.0
2022-11-20 20:47:49,441 [INFO] MultiScanPanel:195 - Auto-refresh data requested => check proxy status ongoing
2022-11-20 20:47:49,444 [WARN] PackLoader:242 - Cannot read IP mode file for STMicroelectronics.X-CUBE-DISPLAY.2.0.1
2022-11-20 20:47:49,445 [INFO] FinderPluginLoader:92 - Searching for filters in installed packs
2022-11-20 20:47:49,457 [WARN] PackLoader:242 - Cannot read IP mode file for STMicroelectronics.X-CUBE-TOUCHGFX.4.16.1
2022-11-20 20:47:49,465 [WARN] PackLoader:242 - Cannot read IP mode file for STMicroelectronics.X-CUBE-TOUCHGFX.4.16.0
2022-11-20 20:47:49,478 [WARN] PackLoader:242 - Cannot read IP mode file for STMicroelectronics.X-CUBE-TOF1.3.0.0
2022-11-20 20:47:49,491 [WARN] PackLoader:242 - Cannot read IP mode file for STMicroelectronics.X-CUBE-BLE2.3.1.0
2022-11-20 20:47:49,492 [INFO] ThirdParty:929 - Integrity check success = true
2022-11-20 20:47:49,492 [INFO] IntegrityCheckThread:98 - exiting critical section [integrity check]
2022-11-20 20:47:49,492 [INFO] IntegrityCheckThread:101 - End integrity checks thread
2022-11-20 20:47:50,764 [INFO] LoadUrlFilesThread:177 - End of LoadServerUrlFiles without Thread
2022-11-20 20:47:50,780 [INFO] DetailPanel:339 - Set advertising image to C:/Users/Lalit/STM32Cube/Repository/\en.Prom_NBSTM32U50921.jpg
2022-11-20 20:47:51,535 [INFO] ToolPreferences:109 - Table McuList, key=mcufinder_cubeide.mculist: column name not found=IO
2022-11-20 20:47:51,535 [INFO] ToolPreferences:109 - Table McuList, key=mcufinder_cubeide.mculist: column name not found=Freq.
2022-11-20 20:49:05,973 [INFO] MultiScanPanel:195 - Auto-refresh data requested => check proxy status ongoing
2022-11-20 20:49:06,090 [INFO] LoadUrlFilesThread:177 - End of LoadServerUrlFiles without Thread
2022-11-20 20:49:06,090 [INFO] DetailPanel:339 - Set advertising image to C:/Users/Lalit/STM32Cube/Repository/\en.Prom_NBSTM32U50921.jpg
2022-11-20 20:49:06,101 [INFO] DbBoards:628 - Loading board mini-images...
2022-11-20 20:49:06,257 [ERROR] DbBoards:648 - No image file defined for board B-WB1M-WPAN1
2022-11-20 20:49:06,257 [ERROR] DbBoards:648 - No image file defined for board NUCLEO-C031C6
2022-11-20 20:49:08,556 [ERROR] DbBoards:648 - No image file defined for board STEVAL-STWINBX1
2022-11-20 20:49:08,703 [ERROR] DbBoards:648 - No image file defined for board STM32091C-EVAL
2022-11-20 20:49:08,704 [ERROR] DbBoards:648 - No image file defined for board STM32100E-EVAL
2022-11-20 20:49:08,704 [ERROR] DbBoards:648 - No image file defined for board STM3210C-EVAL
2022-11-20 20:49:08,734 [ERROR] DbBoards:648 - No image file defined for board STM3221G-EVAL
2022-11-20 20:49:08,734 [ERROR] DbBoards:648 - No image file defined for board STM32303C-EVAL
2022-11-20 20:49:08,848 [ERROR] DbBoards:648 - No image file defined for board STM32479I-EVAL
2022-11-20 20:49:08,848 [ERROR] DbBoards:648 - No image file defined for board STM32746G-EVAL2
2022-11-20 20:49:08,855 [ERROR] DbBoards:648 - No image file defined for board STM32C0116-DK
2022-11-20 20:49:08,855 [ERROR] DbBoards:648 - No image file defined for board STM32C0316-DK
2022-11-20 20:49:08,885 [ERROR] DbBoards:648 - No image file defined for board STM32F401C-DISCO
2022-11-20 20:49:08,938 [ERROR] DbBoards:648 - No image file defined for board STM32F7308-DK
2022-11-20 20:49:08,976 [ERROR] DbBoards:648 - No image file defined for board STM32F779I-EVAL
2022-11-20 20:49:09,104 [ERROR] DbBoards:648 - No image file defined for board STM32H747I-EVAL
2022-11-20 20:49:09,151 [ERROR] DbBoards:648 - No image file defined for board STM32L-DISCOVERY
2022-11-20 20:49:09,184 [ERROR] DbBoards:648 - No image file defined for board STM32L152D-EVAL
2022-11-20 20:49:09,326 [ERROR] DbBoards:648 - No image file defined for board STM32MP135F-DK
2022-11-20 20:49:09,503 [INFO] DbBoards:651 - Loaded 157 board mini-images
2022-11-20 20:50:46,931 [INFO] McuFinderGlobals:57 - Set McuFinderConnectedMode to true
2022-11-20 20:50:46,933 [INFO] ApiDb:443 - Save user favorites file C:\Users\Lalit/.stm32cubeide/favorites.mcus.txt: 0 item(s)
2022-11-20 20:50:46,934 [INFO] ApiDb:447 - User favorites MCUs=[]
2022-11-20 20:50:46,935 [INFO] ApiDb:443 - Save user favorites file C:\Users\Lalit/.stm32cubeide/favorites.boards.txt: 0 item(s)
2022-11-20 20:50:46,935 [INFO] ApiDb:447 - User favorites Boards=[]
2022-11-20 21:15:32,843 [ERROR] LogOutputStream:74 - [STDERR_REDIRECT] 
2022-11-20 21:19:39,091 [INFO] Activator:177 - 


2022-11-20 21:19:39,092 [INFO] Activator:178 - !SESSION log4j initialized
2022-11-20 21:37:08,018 [INFO] Activator:177 - 


2022-11-20 21:37:08,019 [INFO] Activator:178 - !SESSION log4j initialized
2022-11-20 21:37:33,505 [ERROR] LogOutputStream:74 - [STDERR_REDIRECT] SLF4J: Failed to load class "org.slf4j.impl.StaticLoggerBinder".
2022-11-20 21:37:33,505 [ERROR] LogOutputStream:74 - [STDERR_REDIRECT] SLF4J: Defaulting to no-operation (NOP) logger implementation
2022-11-20 21:37:33,508 [ERROR] LogOutputStream:74 - [STDERR_REDIRECT] SLF4J: See http://www.slf4j.org/codes.html#StaticLoggerBinder for further details.
